<?xml version="1.0" encoding="UTF-8"?>
<testsuite xmlns:xsi="http://www.w3.org/2001/XMLSchema-instance" xsi:noNamespaceSchemaLocation="https://maven.apache.org/surefire/maven-surefire-plugin/xsd/surefire-test-report-3.0.xsd" version="3.0" name="com.backend.foodProject.FoodProjectRepositoryTests" time="5.941" tests="20" errors="0" skipped="0" failures="0">
  <properties>
[...]
</properties>
  <testcase name="testUpdateUserNotFound" classname="com.backend.foodProject.FoodProjectRepositoryTests" time="0.095">
    <system-out><![CDATA[10:47:58.582 [main] INFO org.springframework.test.context.support.AnnotationConfigContextLoaderUtils -- Could not detect default configuration classes for test class [com.backend.foodProject.FoodProjectRepositoryTests]: FoodProjectRepositoryTests does not declare any static, non-private, non-final, nested classes annotated with @Configuration.
10:47:58.676 [main] INFO org.springframework.boot.test.context.SpringBootTestContextBootstrapper -- Found @SpringBootConfiguration com.backend.foodProject.FoodProjectApplication for test class com.backend.foodProject.FoodProjectRepositoryTests

  .   ____          _            __ _ _
 /\\ / ___'_ __ _ _(_)_ __  __ _ \ \ \ \
( ( )\___ | '_ | '_| | '_ \/ _` | \ \ \ \
 \\/  ___)| |_)| | | | | || (_| |  ) ) ) )
  '  |____| .__|_| |_|_| |_\__, | / / / /
 =========|_|==============|___/=/_/_/_/
 :: Spring Boot ::                (v3.2.4)

2024-04-01T10:47:59.061+08:00  WARN 19788 --- [           main] ory$DuplicateJsonObjectContextCustomizer : 

Found multiple occurrences of org.json.JSONObject on the class path:

	jar:file:/C:/repo/org/json/json/20231013/json-20231013.jar!/org/json/JSONObject.class
	jar:file:/C:/repo/com/vaadin/external/google/android-json/0.0.20131108.vaadin1/android-json-0.0.20131108.vaadin1.jar!/org/json/JSONObject.class

You may wish to exclude one of them to ensure predictable runtime behavior

2024-04-01T10:47:59.078+08:00  INFO 19788 --- [           main] c.b.f.FoodProjectRepositoryTests         : Starting FoodProjectRepositoryTests using Java 17.0.9 with PID 19788 (started by deepadmin in C:\Users\Administrator\Desktop\project\foodProjectSpringBoot)
2024-04-01T10:47:59.078+08:00  INFO 19788 --- [           main] c.b.f.FoodProjectRepositoryTests         : No active profile set, falling back to 1 default profile: "default"
2024-04-01T10:47:59.693+08:00  INFO 19788 --- [           main] .s.d.r.c.RepositoryConfigurationDelegate : Bootstrapping Spring Data JPA repositories in DEFAULT mode.
2024-04-01T10:47:59.772+08:00  INFO 19788 --- [           main] .s.d.r.c.RepositoryConfigurationDelegate : Finished Spring Data repository scanning in 69 ms. Found 5 JPA repository interfaces.
2024-04-01T10:48:00.233+08:00  INFO 19788 --- [           main] com.zaxxer.hikari.HikariDataSource       : HikariPool-1 - Starting...
2024-04-01T10:48:00.635+08:00  INFO 19788 --- [           main] com.zaxxer.hikari.pool.HikariPool        : HikariPool-1 - Added connection conn0: url=jdbc:h2:mem:testdb user=SA
2024-04-01T10:48:00.637+08:00  INFO 19788 --- [           main] com.zaxxer.hikari.HikariDataSource       : HikariPool-1 - Start completed.
2024-04-01T10:48:00.716+08:00  INFO 19788 --- [           main] o.hibernate.jpa.internal.util.LogHelper  : HHH000204: Processing PersistenceUnitInfo [name: default]
2024-04-01T10:48:00.780+08:00  INFO 19788 --- [           main] org.hibernate.Version                    : HHH000412: Hibernate ORM core version 6.4.4.Final
2024-04-01T10:48:00.816+08:00  INFO 19788 --- [           main] o.h.c.internal.RegionFactoryInitiator    : HHH000026: Second-level cache disabled
2024-04-01T10:48:01.184+08:00  INFO 19788 --- [           main] o.s.o.j.p.SpringPersistenceUnitInfo      : No LoadTimeWeaver setup: ignoring JPA class transformer
2024-04-01T10:48:01.235+08:00  WARN 19788 --- [           main] org.hibernate.orm.deprecation            : HHH90000025: H2Dialect does not need to be specified explicitly using 'hibernate.dialect' (remove the property setting and it will be selected by default)
2024-04-01T10:48:02.008+08:00  INFO 19788 --- [           main] o.h.e.t.j.p.i.JtaPlatformInitiator       : HHH000489: No JTA platform available (set 'hibernate.transaction.jta.platform' to enable JTA platform integration)
2024-04-01T10:48:02.042+08:00  INFO 19788 --- [           main] j.LocalContainerEntityManagerFactoryBean : Initialized JPA EntityManagerFactory for persistence unit 'default'
2024-04-01T10:48:02.298+08:00  INFO 19788 --- [           main] o.s.d.j.r.query.QueryEnhancerFactory     : Hibernate is in classpath; If applicable, HQL parser will be used.
2024-04-01T10:48:02.908+08:00  WARN 19788 --- [           main] JpaBaseConfiguration$JpaWebConfiguration : spring.jpa.open-in-view is enabled by default. Therefore, database queries may be performed during view rendering. Explicitly configure spring.jpa.open-in-view to disable this warning
2024-04-01T10:48:03.307+08:00  INFO 19788 --- [           main] c.b.f.FoodProjectRepositoryTests         : Started FoodProjectRepositoryTests in 4.463 seconds (process running for 5.606)
]]></system-out>
  </testcase>
  <testcase name="testGetAllFoods" classname="com.backend.foodProject.FoodProjectRepositoryTests" time="0.009"/>
  <testcase name="testGetAllUsers" classname="com.backend.foodProject.FoodProjectRepositoryTests" time="0.006"/>
  <testcase name="testLoginUser" classname="com.backend.foodProject.FoodProjectRepositoryTests" time="0.007"/>
  <testcase name="testUpdateFood" classname="com.backend.foodProject.FoodProjectRepositoryTests" time="0.008"/>
  <testcase name="testUpdateUser" classname="com.backend.foodProject.FoodProjectRepositoryTests" time="0.005"/>
  <testcase name="testAddStore" classname="com.backend.foodProject.FoodProjectRepositoryTests" time="0.007"/>
  <testcase name="testFindStoreById" classname="com.backend.foodProject.FoodProjectRepositoryTests" time="0.007"/>
  <testcase name="testGetAllOrders" classname="com.backend.foodProject.FoodProjectRepositoryTests" time="0.004"/>
  <testcase name="testGetAllStores" classname="com.backend.foodProject.FoodProjectRepositoryTests" time="0.004"/>
  <testcase name="testDeleteFoodNotFound" classname="com.backend.foodProject.FoodProjectRepositoryTests" time="0.006"/>
  <testcase name="testCreateFood" classname="com.backend.foodProject.FoodProjectRepositoryTests" time="0.004"/>
  <testcase name="testCreateUser" classname="com.backend.foodProject.FoodProjectRepositoryTests" time="0.004"/>
  <testcase name="testUpdateFoodNotFound" classname="com.backend.foodProject.FoodProjectRepositoryTests" time="0.004"/>
  <testcase name="testGetFoodItemsByStoreId" classname="com.backend.foodProject.FoodProjectRepositoryTests" time="0.005"/>
  <testcase name="testDeleteFood" classname="com.backend.foodProject.FoodProjectRepositoryTests" time="0.012"/>
  <testcase name="testDeleteUser" classname="com.backend.foodProject.FoodProjectRepositoryTests" time="0.006"/>
  <testcase name="testGetUserById" classname="com.backend.foodProject.FoodProjectRepositoryTests" time="0.004"/>
  <testcase name="testGetFoodById" classname="com.backend.foodProject.FoodProjectRepositoryTests" time="0.005"/>
  <testcase name="testDeleteUserNotFound" classname="com.backend.foodProject.FoodProjectRepositoryTests" time="0.016"/>
</testsuite>