<?xml version="1.0" encoding="UTF-8"?>
<testsuite xmlns:xsi="http://www.w3.org/2001/XMLSchema-instance" xsi:noNamespaceSchemaLocation="https://maven.apache.org/surefire/maven-surefire-plugin/xsd/surefire-test-report-3.0.xsd" version="3.0" name="DatabaseConnectionTest" time="2.844" tests="1" errors="0" skipped="0" failures="0">
  <properties>
[...]
</properties>
  <testcase name="testDatabaseConnection" classname="DatabaseConnectionTest" time="2.751">
    <system-out><![CDATA[
  .   ____          _            __ _ _
 /\\ / ___'_ __ _ _(_)_ __  __ _ \ \ \ \
( ( )\___ | '_ | '_| | '_ \/ _` | \ \ \ \
 \\/  ___)| |_)| | | | | || (_| |  ) ) ) )
  '  |____| .__|_| |_|_| |_\__, | / / / /
 =========|_|==============|___/=/_/_/_/
 :: Spring Boot ::                (v3.2.4)

2024-04-01T10:48:04.448+08:00  WARN 19788 --- [           main] ory$DuplicateJsonObjectContextCustomizer : 

Found multiple occurrences of org.json.JSONObject on the class path:

	jar:file:/C:/repo/org/json/json/20231013/json-20231013.jar!/org/json/JSONObject.class
	jar:file:/C:/repo/com/vaadin/external/google/android-json/0.0.20131108.vaadin1/android-json-0.0.20131108.vaadin1.jar!/org/json/JSONObject.class

You may wish to exclude one of them to ensure predictable runtime behavior

2024-04-01T10:48:04.450+08:00  INFO 19788 --- [           main] DatabaseConnectionTest                   : Starting DatabaseConnectionTest using Java 17.0.9 with PID 19788 (started by deepadmin in C:\Users\Administrator\Desktop\project\foodProjectSpringBoot)
2024-04-01T10:48:04.450+08:00  INFO 19788 --- [           main] DatabaseConnectionTest                   : No active profile set, falling back to 1 default profile: "default"
2024-04-01T10:48:04.479+08:00  INFO 19788 --- [           main] DatabaseConnectionTest                   : Started DatabaseConnectionTest in 0.074 seconds (process running for 6.779)
DONEEEEEEEEEEEEEEEEE
Column Name: OrderID, Data Type: int, Size: 10
Column Name: EmployeeID, Data Type: varchar, Size: 255
Column Name: ItemName, Data Type: varchar, Size: 255
Column Name: TimeOfOrder, Data Type: datetime, Size: 23
Column Name: TotalBill, Data Type: float, Size: 53
Column Name: Quantity, Data Type: varchar, Size: 255
]]></system-out>
  </testcase>
</testsuite>